{"/Users/daniellehavimaki/github/rack-oh/src/config/constants/index.js": {"path":"/Users/daniellehavimaki/github/rack-oh/src/config/constants/index.js","statementMap":{"0":{"start":{"line":1,"column":0},"end":{"line":1,"column":59}},"1":{"start":{"line":2,"column":0},"end":{"line":2,"column":61}},"2":{"start":{"line":3,"column":0},"end":{"line":3,"column":67}}},"fnMap":{},"branchMap":{},"s":{"0":2,"1":2,"2":2},"f":{},"b":{},"_coverageSchema":"1a1c01bbd47fc00a2c39e90264f33305004495a9","hash":"173c1d768e6b5afcb32862dc24e0e5a0caea395c"}
,"/Users/daniellehavimaki/github/rack-oh/src/config/constants/move.constants.js": {"path":"/Users/daniellehavimaki/github/rack-oh/src/config/constants/move.constants.js","statementMap":{"0":{"start":{"line":1,"column":0},"end":{"line":8,"column":1}}},"fnMap":{},"branchMap":{},"s":{"0":2},"f":{},"b":{},"_coverageSchema":"1a1c01bbd47fc00a2c39e90264f33305004495a9","hash":"8a678fc5f42cbbd0d2b240c7bb306a6cb6ee2818"}
,"/Users/daniellehavimaki/github/rack-oh/src/config/constants/redis.constants.js": {"path":"/Users/daniellehavimaki/github/rack-oh/src/config/constants/redis.constants.js","statementMap":{"0":{"start":{"line":1,"column":0},"end":{"line":5,"column":1}}},"fnMap":{},"branchMap":{},"s":{"0":2},"f":{},"b":{},"_coverageSchema":"1a1c01bbd47fc00a2c39e90264f33305004495a9","hash":"6768a14e6eb3c43436671023a11252870b16c999"}
,"/Users/daniellehavimaki/github/rack-oh/src/config/constants/response.constants.js": {"path":"/Users/daniellehavimaki/github/rack-oh/src/config/constants/response.constants.js","statementMap":{"0":{"start":{"line":1,"column":0},"end":{"line":5,"column":1}}},"fnMap":{},"branchMap":{},"s":{"0":2},"f":{},"b":{},"_coverageSchema":"1a1c01bbd47fc00a2c39e90264f33305004495a9","hash":"af45251ee8809d97e532232aeed519834ac917e3"}
,"/Users/daniellehavimaki/github/rack-oh/src/controllers/game.controller.js": {"path":"/Users/daniellehavimaki/github/rack-oh/src/controllers/game.controller.js","statementMap":{"0":{"start":{"line":6,"column":4},"end":{"line":6,"column":32}},"1":{"start":{"line":17,"column":19},"end":{"line":32,"column":1}},"2":{"start":{"line":19,"column":15},"end":{"line":19,"column":32}},"3":{"start":{"line":20,"column":2},"end":{"line":22,"column":3}},"4":{"start":{"line":21,"column":4},"end":{"line":21,"column":17}},"5":{"start":{"line":25,"column":15},"end":{"line":25,"column":24}},"6":{"start":{"line":26,"column":24},"end":{"line":26,"column":42}},"7":{"start":{"line":27,"column":2},"end":{"line":31,"column":4}},"8":{"start":{"line":39,"column":16},"end":{"line":45,"column":1}},"9":{"start":{"line":40,"column":15},"end":{"line":40,"column":49}},"10":{"start":{"line":41,"column":2},"end":{"line":43,"column":3}},"11":{"start":{"line":42,"column":4},"end":{"line":42,"column":17}},"12":{"start":{"line":44,"column":2},"end":{"line":44,"column":14}},"13":{"start":{"line":52,"column":18},"end":{"line":58,"column":1}},"14":{"start":{"line":53,"column":22},"end":{"line":53,"column":58}},"15":{"start":{"line":54,"column":2},"end":{"line":56,"column":3}},"16":{"start":{"line":55,"column":4},"end":{"line":55,"column":16}},"17":{"start":{"line":57,"column":2},"end":{"line":57,"column":9}},"18":{"start":{"line":68,"column":13},"end":{"line":68,"column":15}},"19":{"start":{"line":69,"column":2},"end":{"line":71,"column":3}},"20":{"start":{"line":70,"column":4},"end":{"line":70,"column":16}},"21":{"start":{"line":72,"column":2},"end":{"line":72,"column":14}},"22":{"start":{"line":81,"column":2},"end":{"line":83,"column":3}},"23":{"start":{"line":82,"column":4},"end":{"line":82,"column":64}},"24":{"start":{"line":84,"column":2},"end":{"line":84,"column":45}},"25":{"start":{"line":84,"column":25},"end":{"line":84,"column":44}},"26":{"start":{"line":94,"column":2},"end":{"line":97,"column":3}},"27":{"start":{"line":95,"column":4},"end":{"line":95,"column":21}},"28":{"start":{"line":96,"column":4},"end":{"line":96,"column":29}},"29":{"start":{"line":99,"column":2},"end":{"line":101,"column":3}},"30":{"start":{"line":100,"column":4},"end":{"line":100,"column":55}},"31":{"start":{"line":103,"column":2},"end":{"line":105,"column":3}},"32":{"start":{"line":104,"column":4},"end":{"line":104,"column":56}},"33":{"start":{"line":107,"column":20},"end":{"line":111,"column":3}},"34":{"start":{"line":113,"column":2},"end":{"line":121,"column":5}},"35":{"start":{"line":114,"column":4},"end":{"line":114,"column":51}},"36":{"start":{"line":115,"column":4},"end":{"line":115,"column":30}},"37":{"start":{"line":116,"column":4},"end":{"line":120,"column":6}},"38":{"start":{"line":123,"column":2},"end":{"line":123,"column":52}},"39":{"start":{"line":124,"column":2},"end":{"line":124,"column":29}},"40":{"start":{"line":126,"column":2},"end":{"line":126,"column":65}},"41":{"start":{"line":127,"column":2},"end":{"line":127,"column":71}},"42":{"start":{"line":128,"column":15},"end":{"line":128,"column":56}},"43":{"start":{"line":130,"column":2},"end":{"line":130,"column":21}},"44":{"start":{"line":140,"column":2},"end":{"line":142,"column":3}},"45":{"start":{"line":141,"column":4},"end":{"line":141,"column":51}},"46":{"start":{"line":144,"column":17},"end":{"line":144,"column":46}},"47":{"start":{"line":145,"column":2},"end":{"line":147,"column":3}},"48":{"start":{"line":146,"column":4},"end":{"line":146,"column":20}},"49":{"start":{"line":148,"column":2},"end":{"line":148,"column":9}},"50":{"start":{"line":158,"column":17},"end":{"line":158,"column":21}},"51":{"start":{"line":159,"column":2},"end":{"line":165,"column":3}},"52":{"start":{"line":160,"column":20},"end":{"line":160,"column":50}},"53":{"start":{"line":161,"column":20},"end":{"line":161,"column":54}},"54":{"start":{"line":162,"column":4},"end":{"line":164,"column":5}},"55":{"start":{"line":163,"column":6},"end":{"line":163,"column":23}},"56":{"start":{"line":166,"column":2},"end":{"line":166,"column":18}},"57":{"start":{"line":170,"column":0},"end":{"line":181,"column":2}}},"fnMap":{"0":{"name":"(anonymous_0)","decl":{"start":{"line":17,"column":19},"end":{"line":17,"column":20}},"loc":{"start":{"line":17,"column":47},"end":{"line":32,"column":1}},"line":17},"1":{"name":"(anonymous_1)","decl":{"start":{"line":39,"column":16},"end":{"line":39,"column":17}},"loc":{"start":{"line":39,"column":30},"end":{"line":45,"column":1}},"line":39},"2":{"name":"(anonymous_2)","decl":{"start":{"line":52,"column":18},"end":{"line":52,"column":19}},"loc":{"start":{"line":52,"column":32},"end":{"line":58,"column":1}},"line":52},"3":{"name":"newDeck","decl":{"start":{"line":67,"column":9},"end":{"line":67,"column":16}},"loc":{"start":{"line":67,"column":19},"end":{"line":73,"column":1}},"line":67},"4":{"name":"shuffleCards","decl":{"start":{"line":80,"column":9},"end":{"line":80,"column":21}},"loc":{"start":{"line":80,"column":33},"end":{"line":85,"column":1}},"line":80},"5":{"name":"(anonymous_5)","decl":{"start":{"line":84,"column":19},"end":{"line":84,"column":20}},"loc":{"start":{"line":84,"column":25},"end":{"line":84,"column":44}},"line":84},"6":{"name":"dealCards","decl":{"start":{"line":93,"column":15},"end":{"line":93,"column":24}},"loc":{"start":{"line":93,"column":61},"end":{"line":131,"column":1}},"line":93},"7":{"name":"(anonymous_7)","decl":{"start":{"line":113,"column":18},"end":{"line":113,"column":19}},"loc":{"start":{"line":113,"column":36},"end":{"line":121,"column":3}},"line":113},"8":{"name":"checkForRackOh","decl":{"start":{"line":139,"column":9},"end":{"line":139,"column":23}},"loc":{"start":{"line":139,"column":57},"end":{"line":149,"column":1}},"line":139},"9":{"name":"isRackOh","decl":{"start":{"line":157,"column":9},"end":{"line":157,"column":17}},"loc":{"start":{"line":157,"column":46},"end":{"line":167,"column":1}},"line":157}},"branchMap":{"0":{"loc":{"start":{"line":17,"column":30},"end":{"line":17,"column":42}},"type":"default-arg","locations":[{"start":{"line":17,"column":40},"end":{"line":17,"column":42}}],"line":17},"1":{"loc":{"start":{"line":20,"column":2},"end":{"line":22,"column":3}},"type":"if","locations":[{"start":{"line":20,"column":2},"end":{"line":22,"column":3}},{"start":{"line":20,"column":2},"end":{"line":22,"column":3}}],"line":20},"2":{"loc":{"start":{"line":20,"column":6},"end":{"line":20,"column":44}},"type":"binary-expr","locations":[{"start":{"line":20,"column":6},"end":{"line":20,"column":12}},{"start":{"line":20,"column":16},"end":{"line":20,"column":44}}],"line":20},"3":{"loc":{"start":{"line":41,"column":2},"end":{"line":43,"column":3}},"type":"if","locations":[{"start":{"line":41,"column":2},"end":{"line":43,"column":3}},{"start":{"line":41,"column":2},"end":{"line":43,"column":3}}],"line":41},"4":{"loc":{"start":{"line":54,"column":2},"end":{"line":56,"column":3}},"type":"if","locations":[{"start":{"line":54,"column":2},"end":{"line":56,"column":3}},{"start":{"line":54,"column":2},"end":{"line":56,"column":3}}],"line":54},"5":{"loc":{"start":{"line":80,"column":22},"end":{"line":80,"column":31}},"type":"default-arg","locations":[{"start":{"line":80,"column":29},"end":{"line":80,"column":31}}],"line":80},"6":{"loc":{"start":{"line":81,"column":2},"end":{"line":83,"column":3}},"type":"if","locations":[{"start":{"line":81,"column":2},"end":{"line":83,"column":3}},{"start":{"line":81,"column":2},"end":{"line":83,"column":3}}],"line":81},"7":{"loc":{"start":{"line":93,"column":25},"end":{"line":93,"column":34}},"type":"default-arg","locations":[{"start":{"line":93,"column":32},"end":{"line":93,"column":34}}],"line":93},"8":{"loc":{"start":{"line":93,"column":36},"end":{"line":93,"column":48}},"type":"default-arg","locations":[{"start":{"line":93,"column":46},"end":{"line":93,"column":48}}],"line":93},"9":{"loc":{"start":{"line":94,"column":2},"end":{"line":97,"column":3}},"type":"if","locations":[{"start":{"line":94,"column":2},"end":{"line":97,"column":3}},{"start":{"line":94,"column":2},"end":{"line":97,"column":3}}],"line":94},"10":{"loc":{"start":{"line":99,"column":2},"end":{"line":101,"column":3}},"type":"if","locations":[{"start":{"line":99,"column":2},"end":{"line":101,"column":3}},{"start":{"line":99,"column":2},"end":{"line":101,"column":3}}],"line":99},"11":{"loc":{"start":{"line":103,"column":2},"end":{"line":105,"column":3}},"type":"if","locations":[{"start":{"line":103,"column":2},"end":{"line":105,"column":3}},{"start":{"line":103,"column":2},"end":{"line":105,"column":3}}],"line":103},"12":{"loc":{"start":{"line":139,"column":24},"end":{"line":139,"column":38}},"type":"default-arg","locations":[{"start":{"line":139,"column":36},"end":{"line":139,"column":38}}],"line":139},"13":{"loc":{"start":{"line":139,"column":40},"end":{"line":139,"column":55}},"type":"default-arg","locations":[{"start":{"line":139,"column":51},"end":{"line":139,"column":55}}],"line":139},"14":{"loc":{"start":{"line":140,"column":2},"end":{"line":142,"column":3}},"type":"if","locations":[{"start":{"line":140,"column":2},"end":{"line":142,"column":3}},{"start":{"line":140,"column":2},"end":{"line":142,"column":3}}],"line":140},"15":{"loc":{"start":{"line":145,"column":2},"end":{"line":147,"column":3}},"type":"if","locations":[{"start":{"line":145,"column":2},"end":{"line":147,"column":3}},{"start":{"line":145,"column":2},"end":{"line":147,"column":3}}],"line":145},"16":{"loc":{"start":{"line":157,"column":29},"end":{"line":157,"column":44}},"type":"default-arg","locations":[{"start":{"line":157,"column":40},"end":{"line":157,"column":44}}],"line":157},"17":{"loc":{"start":{"line":162,"column":4},"end":{"line":164,"column":5}},"type":"if","locations":[{"start":{"line":162,"column":4},"end":{"line":164,"column":5}},{"start":{"line":162,"column":4},"end":{"line":164,"column":5}}],"line":162}},"s":{"0":2,"1":2,"2":0,"3":0,"4":0,"5":0,"6":0,"7":0,"8":2,"9":0,"10":0,"11":0,"12":0,"13":2,"14":0,"15":0,"16":0,"17":0,"18":11,"19":11,"20":660,"21":11,"22":9,"23":1,"24":8,"25":1796,"26":2,"27":0,"28":0,"29":2,"30":1,"31":1,"32":1,"33":0,"34":0,"35":0,"36":0,"37":0,"38":0,"39":0,"40":0,"41":0,"42":0,"43":0,"44":2,"45":1,"46":1,"47":1,"48":1,"49":0,"50":3,"51":3,"52":27,"53":27,"54":27,"55":9,"56":3,"57":2},"f":{"0":0,"1":0,"2":0,"3":11,"4":9,"5":1796,"6":2,"7":0,"8":2,"9":3},"b":{"0":[0],"1":[0,0],"2":[0,0],"3":[0,0],"4":[0,0],"5":[0],"6":[1,8],"7":[0],"8":[0],"9":[0,2],"10":[1,1],"11":[1,0],"12":[0],"13":[0],"14":[1,1],"15":[1,0],"16":[0],"17":[9,18]},"_coverageSchema":"1a1c01bbd47fc00a2c39e90264f33305004495a9","hash":"6713051c0d5506816eca7aa5be9513cc35d70363"}
,"/Users/daniellehavimaki/github/rack-oh/src/controllers/index.js": {"path":"/Users/daniellehavimaki/github/rack-oh/src/controllers/index.js","statementMap":{"0":{"start":{"line":1,"column":0},"end":{"line":1,"column":61}},"1":{"start":{"line":2,"column":0},"end":{"line":2,"column":61}}},"fnMap":{},"branchMap":{},"s":{"0":1,"1":1},"f":{},"b":{},"_coverageSchema":"1a1c01bbd47fc00a2c39e90264f33305004495a9","hash":"8432964f2509a4ce5bd277847d35f7b7839d52f1"}
,"/Users/daniellehavimaki/github/rack-oh/src/controllers/move.controller.js": {"path":"/Users/daniellehavimaki/github/rack-oh/src/controllers/move.controller.js","statementMap":{"0":{"start":{"line":3,"column":27},"end":{"line":3,"column":58}},"1":{"start":{"line":7,"column":4},"end":{"line":7,"column":32}},"2":{"start":{"line":20,"column":18},"end":{"line":20,"column":59}},"3":{"start":{"line":21,"column":2},"end":{"line":23,"column":3}},"4":{"start":{"line":22,"column":4},"end":{"line":22,"column":37}},"5":{"start":{"line":25,"column":2},"end":{"line":27,"column":3}},"6":{"start":{"line":26,"column":4},"end":{"line":26,"column":49}},"7":{"start":{"line":28,"column":2},"end":{"line":28,"column":30}},"8":{"start":{"line":30,"column":2},"end":{"line":33,"column":4}},"9":{"start":{"line":42,"column":18},"end":{"line":42,"column":59}},"10":{"start":{"line":43,"column":2},"end":{"line":45,"column":3}},"11":{"start":{"line":44,"column":4},"end":{"line":44,"column":38}},"12":{"start":{"line":47,"column":2},"end":{"line":47,"column":48}},"13":{"start":{"line":59,"column":18},"end":{"line":59,"column":59}},"14":{"start":{"line":60,"column":2},"end":{"line":62,"column":3}},"15":{"start":{"line":61,"column":4},"end":{"line":61,"column":38}},"16":{"start":{"line":65,"column":2},"end":{"line":71,"column":3}},"17":{"start":{"line":74,"column":22},"end":{"line":74,"column":39}},"18":{"start":{"line":75,"column":2},"end":{"line":75,"column":81}},"19":{"start":{"line":76,"column":22},"end":{"line":76,"column":74}},"20":{"start":{"line":76,"column":49},"end":{"line":76,"column":73}},"21":{"start":{"line":77,"column":2},"end":{"line":77,"column":34}},"22":{"start":{"line":80,"column":2},"end":{"line":80,"column":47}},"23":{"start":{"line":83,"column":2},"end":{"line":85,"column":3}},"24":{"start":{"line":84,"column":4},"end":{"line":84,"column":35}},"25":{"start":{"line":87,"column":17},"end":{"line":87,"column":65}},"26":{"start":{"line":88,"column":2},"end":{"line":90,"column":3}},"27":{"start":{"line":89,"column":4},"end":{"line":89,"column":32}},"28":{"start":{"line":92,"column":2},"end":{"line":92,"column":19}},"29":{"start":{"line":104,"column":18},"end":{"line":104,"column":59}},"30":{"start":{"line":105,"column":2},"end":{"line":107,"column":3}},"31":{"start":{"line":106,"column":4},"end":{"line":106,"column":67}},"32":{"start":{"line":109,"column":2},"end":{"line":111,"column":3}},"33":{"start":{"line":110,"column":4},"end":{"line":110,"column":58}},"34":{"start":{"line":114,"column":25},"end":{"line":114,"column":94}},"35":{"start":{"line":115,"column":2},"end":{"line":115,"column":76}},"36":{"start":{"line":118,"column":2},"end":{"line":118,"column":71}},"37":{"start":{"line":119,"column":2},"end":{"line":119,"column":70}},"38":{"start":{"line":122,"column":15},"end":{"line":122,"column":56}},"39":{"start":{"line":123,"column":2},"end":{"line":123,"column":21}},"40":{"start":{"line":134,"column":18},"end":{"line":134,"column":59}},"41":{"start":{"line":135,"column":2},"end":{"line":137,"column":3}},"42":{"start":{"line":136,"column":4},"end":{"line":136,"column":38}},"43":{"start":{"line":139,"column":2},"end":{"line":141,"column":3}},"44":{"start":{"line":140,"column":4},"end":{"line":140,"column":49}},"45":{"start":{"line":143,"column":23},"end":{"line":143,"column":58}},"46":{"start":{"line":144,"column":2},"end":{"line":144,"column":70}},"47":{"start":{"line":145,"column":2},"end":{"line":145,"column":25}},"48":{"start":{"line":155,"column":18},"end":{"line":155,"column":59}},"49":{"start":{"line":156,"column":2},"end":{"line":158,"column":3}},"50":{"start":{"line":157,"column":4},"end":{"line":157,"column":38}},"51":{"start":{"line":160,"column":2},"end":{"line":162,"column":3}},"52":{"start":{"line":161,"column":4},"end":{"line":161,"column":45}},"53":{"start":{"line":164,"column":2},"end":{"line":169,"column":3}},"54":{"start":{"line":168,"column":4},"end":{"line":168,"column":56}},"55":{"start":{"line":171,"column":2},"end":{"line":173,"column":3}},"56":{"start":{"line":172,"column":4},"end":{"line":172,"column":47}},"57":{"start":{"line":175,"column":17},"end":{"line":175,"column":39}},"58":{"start":{"line":176,"column":15},"end":{"line":176,"column":30}},"59":{"start":{"line":178,"column":2},"end":{"line":180,"column":3}},"60":{"start":{"line":179,"column":4},"end":{"line":179,"column":61}},"61":{"start":{"line":182,"column":2},"end":{"line":184,"column":3}},"62":{"start":{"line":182,"column":22},"end":{"line":182,"column":36}},"63":{"start":{"line":183,"column":4},"end":{"line":183,"column":64}},"64":{"start":{"line":186,"column":2},"end":{"line":186,"column":50}},"65":{"start":{"line":196,"column":18},"end":{"line":196,"column":59}},"66":{"start":{"line":197,"column":2},"end":{"line":199,"column":3}},"67":{"start":{"line":198,"column":4},"end":{"line":198,"column":38}},"68":{"start":{"line":201,"column":2},"end":{"line":203,"column":3}},"69":{"start":{"line":202,"column":4},"end":{"line":202,"column":52}},"70":{"start":{"line":205,"column":23},"end":{"line":205,"column":61}},"71":{"start":{"line":206,"column":2},"end":{"line":206,"column":76}},"72":{"start":{"line":207,"column":2},"end":{"line":207,"column":25}},"73":{"start":{"line":210,"column":0},"end":{"line":220,"column":2}}},"fnMap":{"0":{"name":"showPlayerHand","decl":{"start":{"line":19,"column":15},"end":{"line":19,"column":29}},"loc":{"start":{"line":19,"column":56},"end":{"line":34,"column":1}},"line":19},"1":{"name":"showDiscardPile","decl":{"start":{"line":41,"column":15},"end":{"line":41,"column":30}},"loc":{"start":{"line":41,"column":42},"end":{"line":48,"column":1}},"line":41},"2":{"name":"updateSwappedCards","decl":{"start":{"line":58,"column":15},"end":{"line":58,"column":33}},"loc":{"start":{"line":58,"column":104},"end":{"line":93,"column":1}},"line":58},"3":{"name":"(anonymous_3)","decl":{"start":{"line":76,"column":41},"end":{"line":76,"column":42}},"loc":{"start":{"line":76,"column":49},"end":{"line":76,"column":73}},"line":76},"4":{"name":"reshuffleDiscardPile","decl":{"start":{"line":102,"column":15},"end":{"line":102,"column":35}},"loc":{"start":{"line":102,"column":47},"end":{"line":124,"column":1}},"line":102},"5":{"name":"selectCardFromMainDeck","decl":{"start":{"line":132,"column":15},"end":{"line":132,"column":37}},"loc":{"start":{"line":132,"column":49},"end":{"line":146,"column":1}},"line":132},"6":{"name":"selectCardFromPlayerHand","decl":{"start":{"line":154,"column":15},"end":{"line":154,"column":39}},"loc":{"start":{"line":154,"column":77},"end":{"line":187,"column":1}},"line":154},"7":{"name":"(anonymous_7)","decl":{"start":{"line":182,"column":17},"end":{"line":182,"column":18}},"loc":{"start":{"line":182,"column":22},"end":{"line":182,"column":36}},"line":182},"8":{"name":"selectCardFromDiscardPile","decl":{"start":{"line":194,"column":15},"end":{"line":194,"column":40}},"loc":{"start":{"line":194,"column":52},"end":{"line":208,"column":1}},"line":194}},"branchMap":{"0":{"loc":{"start":{"line":19,"column":41},"end":{"line":19,"column":54}},"type":"default-arg","locations":[{"start":{"line":19,"column":50},"end":{"line":19,"column":54}}],"line":19},"1":{"loc":{"start":{"line":21,"column":2},"end":{"line":23,"column":3}},"type":"if","locations":[{"start":{"line":21,"column":2},"end":{"line":23,"column":3}},{"start":{"line":21,"column":2},"end":{"line":23,"column":3}}],"line":21},"2":{"loc":{"start":{"line":25,"column":2},"end":{"line":27,"column":3}},"type":"if","locations":[{"start":{"line":25,"column":2},"end":{"line":27,"column":3}},{"start":{"line":25,"column":2},"end":{"line":27,"column":3}}],"line":25},"3":{"loc":{"start":{"line":43,"column":2},"end":{"line":45,"column":3}},"type":"if","locations":[{"start":{"line":43,"column":2},"end":{"line":45,"column":3}},{"start":{"line":43,"column":2},"end":{"line":45,"column":3}}],"line":43},"4":{"loc":{"start":{"line":58,"column":45},"end":{"line":58,"column":60}},"type":"default-arg","locations":[{"start":{"line":58,"column":56},"end":{"line":58,"column":60}}],"line":58},"5":{"loc":{"start":{"line":58,"column":62},"end":{"line":58,"column":85}},"type":"default-arg","locations":[{"start":{"line":58,"column":81},"end":{"line":58,"column":85}}],"line":58},"6":{"loc":{"start":{"line":58,"column":87},"end":{"line":58,"column":102}},"type":"default-arg","locations":[{"start":{"line":58,"column":98},"end":{"line":58,"column":102}}],"line":58},"7":{"loc":{"start":{"line":60,"column":2},"end":{"line":62,"column":3}},"type":"if","locations":[{"start":{"line":60,"column":2},"end":{"line":62,"column":3}},{"start":{"line":60,"column":2},"end":{"line":62,"column":3}}],"line":60},"8":{"loc":{"start":{"line":65,"column":2},"end":{"line":71,"column":3}},"type":"switch","locations":[{"start":{"line":66,"column":4},"end":{"line":66,"column":21}},{"start":{"line":68,"column":4},"end":{"line":68,"column":24}},{"start":{"line":70,"column":4},"end":{"line":70,"column":12}}],"line":65},"9":{"loc":{"start":{"line":83,"column":2},"end":{"line":85,"column":3}},"type":"if","locations":[{"start":{"line":83,"column":2},"end":{"line":85,"column":3}},{"start":{"line":83,"column":2},"end":{"line":85,"column":3}}],"line":83},"10":{"loc":{"start":{"line":88,"column":2},"end":{"line":90,"column":3}},"type":"if","locations":[{"start":{"line":88,"column":2},"end":{"line":90,"column":3}},{"start":{"line":88,"column":2},"end":{"line":90,"column":3}}],"line":88},"11":{"loc":{"start":{"line":105,"column":2},"end":{"line":107,"column":3}},"type":"if","locations":[{"start":{"line":105,"column":2},"end":{"line":107,"column":3}},{"start":{"line":105,"column":2},"end":{"line":107,"column":3}}],"line":105},"12":{"loc":{"start":{"line":109,"column":2},"end":{"line":111,"column":3}},"type":"if","locations":[{"start":{"line":109,"column":2},"end":{"line":111,"column":3}},{"start":{"line":109,"column":2},"end":{"line":111,"column":3}}],"line":109},"13":{"loc":{"start":{"line":135,"column":2},"end":{"line":137,"column":3}},"type":"if","locations":[{"start":{"line":135,"column":2},"end":{"line":137,"column":3}},{"start":{"line":135,"column":2},"end":{"line":137,"column":3}}],"line":135},"14":{"loc":{"start":{"line":139,"column":2},"end":{"line":141,"column":3}},"type":"if","locations":[{"start":{"line":139,"column":2},"end":{"line":141,"column":3}},{"start":{"line":139,"column":2},"end":{"line":141,"column":3}}],"line":139},"15":{"loc":{"start":{"line":154,"column":51},"end":{"line":154,"column":62}},"type":"default-arg","locations":[{"start":{"line":154,"column":58},"end":{"line":154,"column":62}}],"line":154},"16":{"loc":{"start":{"line":154,"column":64},"end":{"line":154,"column":75}},"type":"default-arg","locations":[{"start":{"line":154,"column":71},"end":{"line":154,"column":75}}],"line":154},"17":{"loc":{"start":{"line":156,"column":2},"end":{"line":158,"column":3}},"type":"if","locations":[{"start":{"line":156,"column":2},"end":{"line":158,"column":3}},{"start":{"line":156,"column":2},"end":{"line":158,"column":3}}],"line":156},"18":{"loc":{"start":{"line":160,"column":2},"end":{"line":162,"column":3}},"type":"if","locations":[{"start":{"line":160,"column":2},"end":{"line":162,"column":3}},{"start":{"line":160,"column":2},"end":{"line":162,"column":3}}],"line":160},"19":{"loc":{"start":{"line":164,"column":2},"end":{"line":169,"column":3}},"type":"if","locations":[{"start":{"line":164,"column":2},"end":{"line":169,"column":3}},{"start":{"line":164,"column":2},"end":{"line":169,"column":3}}],"line":164},"20":{"loc":{"start":{"line":165,"column":4},"end":{"line":166,"column":26}},"type":"binary-expr","locations":[{"start":{"line":165,"column":4},"end":{"line":165,"column":27}},{"start":{"line":166,"column":4},"end":{"line":166,"column":26}}],"line":165},"21":{"loc":{"start":{"line":171,"column":2},"end":{"line":173,"column":3}},"type":"if","locations":[{"start":{"line":171,"column":2},"end":{"line":173,"column":3}},{"start":{"line":171,"column":2},"end":{"line":173,"column":3}}],"line":171},"22":{"loc":{"start":{"line":178,"column":2},"end":{"line":180,"column":3}},"type":"if","locations":[{"start":{"line":178,"column":2},"end":{"line":180,"column":3}},{"start":{"line":178,"column":2},"end":{"line":180,"column":3}}],"line":178},"23":{"loc":{"start":{"line":182,"column":2},"end":{"line":184,"column":3}},"type":"if","locations":[{"start":{"line":182,"column":2},"end":{"line":184,"column":3}},{"start":{"line":182,"column":2},"end":{"line":184,"column":3}}],"line":182},"24":{"loc":{"start":{"line":197,"column":2},"end":{"line":199,"column":3}},"type":"if","locations":[{"start":{"line":197,"column":2},"end":{"line":199,"column":3}},{"start":{"line":197,"column":2},"end":{"line":199,"column":3}}],"line":197},"25":{"loc":{"start":{"line":201,"column":2},"end":{"line":203,"column":3}},"type":"if","locations":[{"start":{"line":201,"column":2},"end":{"line":203,"column":3}},{"start":{"line":201,"column":2},"end":{"line":203,"column":3}}],"line":201}},"s":{"0":1,"1":1,"2":0,"3":0,"4":0,"5":0,"6":0,"7":0,"8":0,"9":0,"10":0,"11":0,"12":0,"13":0,"14":0,"15":0,"16":0,"17":0,"18":0,"19":0,"20":0,"21":0,"22":0,"23":0,"24":0,"25":0,"26":0,"27":0,"28":0,"29":0,"30":0,"31":0,"32":0,"33":0,"34":0,"35":0,"36":0,"37":0,"38":0,"39":0,"40":0,"41":0,"42":0,"43":0,"44":0,"45":0,"46":0,"47":0,"48":0,"49":0,"50":0,"51":0,"52":0,"53":0,"54":0,"55":0,"56":0,"57":0,"58":0,"59":0,"60":0,"61":0,"62":0,"63":0,"64":0,"65":0,"66":0,"67":0,"68":0,"69":0,"70":0,"71":0,"72":0,"73":1},"f":{"0":0,"1":0,"2":0,"3":0,"4":0,"5":0,"6":0,"7":0,"8":0},"b":{"0":[0],"1":[0,0],"2":[0,0],"3":[0,0],"4":[0],"5":[0],"6":[0],"7":[0,0],"8":[0,0,0],"9":[0,0],"10":[0,0],"11":[0,0],"12":[0,0],"13":[0,0],"14":[0,0],"15":[0],"16":[0],"17":[0,0],"18":[0,0],"19":[0,0],"20":[0,0],"21":[0,0],"22":[0,0],"23":[0,0],"24":[0,0],"25":[0,0]},"_coverageSchema":"1a1c01bbd47fc00a2c39e90264f33305004495a9","hash":"06641485ecc3aa59db69539fa68573b15ccd77fe"}
,"/Users/daniellehavimaki/github/rack-oh/src/services/game.service.js": {"path":"/Users/daniellehavimaki/github/rack-oh/src/services/game.service.js","statementMap":{"0":{"start":{"line":3,"column":21},"end":{"line":3,"column":47}},"1":{"start":{"line":13,"column":21},"end":{"line":13,"column":78}},"2":{"start":{"line":13,"column":34},"end":{"line":13,"column":78}},"3":{"start":{"line":19,"column":23},"end":{"line":19,"column":86}},"4":{"start":{"line":19,"column":36},"end":{"line":19,"column":86}},"5":{"start":{"line":21,"column":0},"end":{"line":24,"column":1}}},"fnMap":{"0":{"name":"(anonymous_0)","decl":{"start":{"line":13,"column":21},"end":{"line":13,"column":22}},"loc":{"start":{"line":13,"column":34},"end":{"line":13,"column":78}},"line":13},"1":{"name":"(anonymous_1)","decl":{"start":{"line":19,"column":23},"end":{"line":19,"column":24}},"loc":{"start":{"line":19,"column":36},"end":{"line":19,"column":86}},"line":19}},"branchMap":{},"s":{"0":2,"1":2,"2":0,"3":2,"4":0,"5":2},"f":{"0":0,"1":0},"b":{},"_coverageSchema":"1a1c01bbd47fc00a2c39e90264f33305004495a9","hash":"f5d318e1cfba294e9e760ef12e1db5bc29a4f6f9"}
,"/Users/daniellehavimaki/github/rack-oh/src/services/index.js": {"path":"/Users/daniellehavimaki/github/rack-oh/src/services/index.js","statementMap":{"0":{"start":{"line":1,"column":0},"end":{"line":1,"column":55}},"1":{"start":{"line":2,"column":0},"end":{"line":2,"column":55}},"2":{"start":{"line":3,"column":0},"end":{"line":3,"column":57}}},"fnMap":{},"branchMap":{},"s":{"0":2,"1":2,"2":2},"f":{},"b":{},"_coverageSchema":"1a1c01bbd47fc00a2c39e90264f33305004495a9","hash":"63417136ee35cec9ca18ffa1e2fd60515a9563f5"}
,"/Users/daniellehavimaki/github/rack-oh/src/services/move.service.js": {"path":"/Users/daniellehavimaki/github/rack-oh/src/services/move.service.js","statementMap":{"0":{"start":{"line":3,"column":27},"end":{"line":3,"column":57}},"1":{"start":{"line":4,"column":21},"end":{"line":4,"column":47}},"2":{"start":{"line":8,"column":19},"end":{"line":8,"column":40}},"3":{"start":{"line":9,"column":22},"end":{"line":9,"column":46}},"4":{"start":{"line":10,"column":25},"end":{"line":10,"column":52}},"5":{"start":{"line":19,"column":25},"end":{"line":22,"column":1}},"6":{"start":{"line":20,"column":18},"end":{"line":20,"column":89}},"7":{"start":{"line":21,"column":2},"end":{"line":21,"column":35}},"8":{"start":{"line":29,"column":22},"end":{"line":32,"column":1}},"9":{"start":{"line":30,"column":18},"end":{"line":30,"column":86}},"10":{"start":{"line":31,"column":2},"end":{"line":31,"column":32}},"11":{"start":{"line":38,"column":24},"end":{"line":42,"column":1}},"12":{"start":{"line":39,"column":22},"end":{"line":39,"column":46}},"13":{"start":{"line":40,"column":18},"end":{"line":40,"column":84}},"14":{"start":{"line":41,"column":2},"end":{"line":41,"column":30}},"15":{"start":{"line":49,"column":26},"end":{"line":52,"column":1}},"16":{"start":{"line":50,"column":18},"end":{"line":50,"column":89}},"17":{"start":{"line":51,"column":2},"end":{"line":51,"column":35}},"18":{"start":{"line":59,"column":23},"end":{"line":62,"column":1}},"19":{"start":{"line":60,"column":18},"end":{"line":60,"column":86}},"20":{"start":{"line":61,"column":2},"end":{"line":61,"column":23}},"21":{"start":{"line":69,"column":25},"end":{"line":73,"column":1}},"22":{"start":{"line":70,"column":22},"end":{"line":70,"column":46}},"23":{"start":{"line":71,"column":18},"end":{"line":71,"column":79}},"24":{"start":{"line":72,"column":2},"end":{"line":72,"column":30}},"25":{"start":{"line":80,"column":23},"end":{"line":83,"column":1}},"26":{"start":{"line":81,"column":22},"end":{"line":81,"column":46}},"27":{"start":{"line":82,"column":2},"end":{"line":82,"column":60}},"28":{"start":{"line":89,"column":24},"end":{"line":92,"column":1}},"29":{"start":{"line":90,"column":22},"end":{"line":90,"column":83}},"30":{"start":{"line":91,"column":2},"end":{"line":91,"column":23}},"31":{"start":{"line":103,"column":0},"end":{"line":112,"column":1}}},"fnMap":{"0":{"name":"(anonymous_0)","decl":{"start":{"line":19,"column":25},"end":{"line":19,"column":26}},"loc":{"start":{"line":19,"column":53},"end":{"line":22,"column":1}},"line":19},"1":{"name":"(anonymous_1)","decl":{"start":{"line":29,"column":22},"end":{"line":29,"column":23}},"loc":{"start":{"line":29,"column":50},"end":{"line":32,"column":1}},"line":29},"2":{"name":"(anonymous_2)","decl":{"start":{"line":38,"column":24},"end":{"line":38,"column":25}},"loc":{"start":{"line":38,"column":60},"end":{"line":42,"column":1}},"line":38},"3":{"name":"(anonymous_3)","decl":{"start":{"line":49,"column":26},"end":{"line":49,"column":27}},"loc":{"start":{"line":49,"column":54},"end":{"line":52,"column":1}},"line":49},"4":{"name":"(anonymous_4)","decl":{"start":{"line":59,"column":23},"end":{"line":59,"column":24}},"loc":{"start":{"line":59,"column":51},"end":{"line":62,"column":1}},"line":59},"5":{"name":"(anonymous_5)","decl":{"start":{"line":69,"column":25},"end":{"line":69,"column":26}},"loc":{"start":{"line":69,"column":61},"end":{"line":73,"column":1}},"line":69},"6":{"name":"(anonymous_6)","decl":{"start":{"line":80,"column":23},"end":{"line":80,"column":24}},"loc":{"start":{"line":80,"column":52},"end":{"line":83,"column":1}},"line":80},"7":{"name":"(anonymous_7)","decl":{"start":{"line":89,"column":24},"end":{"line":89,"column":25}},"loc":{"start":{"line":89,"column":45},"end":{"line":92,"column":1}},"line":89}},"branchMap":{},"s":{"0":2,"1":2,"2":2,"3":2,"4":2,"5":2,"6":0,"7":0,"8":2,"9":0,"10":0,"11":2,"12":0,"13":0,"14":0,"15":2,"16":0,"17":0,"18":2,"19":0,"20":0,"21":2,"22":0,"23":0,"24":0,"25":2,"26":0,"27":0,"28":2,"29":0,"30":0,"31":2},"f":{"0":0,"1":0,"2":0,"3":0,"4":0,"5":0,"6":0,"7":0},"b":{},"_coverageSchema":"1a1c01bbd47fc00a2c39e90264f33305004495a9","hash":"87d1abaa51c2b78c8ef6b04d3377ad60d31308e6"}
,"/Users/daniellehavimaki/github/rack-oh/src/services/redis.service.js": {"path":"/Users/daniellehavimaki/github/rack-oh/src/services/redis.service.js","statementMap":{"0":{"start":{"line":3,"column":14},"end":{"line":3,"column":32}},"1":{"start":{"line":4,"column":14},"end":{"line":4,"column":25}},"2":{"start":{"line":9,"column":2},"end":{"line":18,"column":3}},"3":{"start":{"line":11,"column":6},"end":{"line":11,"column":36}},"4":{"start":{"line":12,"column":6},"end":{"line":12,"column":53}},"5":{"start":{"line":12,"column":50},"end":{"line":12,"column":51}},"6":{"start":{"line":14,"column":6},"end":{"line":14,"column":48}},"7":{"start":{"line":15,"column":6},"end":{"line":15,"column":53}},"8":{"start":{"line":15,"column":50},"end":{"line":15,"column":51}},"9":{"start":{"line":17,"column":6},"end":{"line":17,"column":13}},"10":{"start":{"line":22,"column":2},"end":{"line":29,"column":3}},"11":{"start":{"line":25,"column":6},"end":{"line":25,"column":49}},"12":{"start":{"line":26,"column":6},"end":{"line":26,"column":53}},"13":{"start":{"line":26,"column":50},"end":{"line":26,"column":51}},"14":{"start":{"line":28,"column":6},"end":{"line":28,"column":13}},"15":{"start":{"line":33,"column":2},"end":{"line":40,"column":3}},"16":{"start":{"line":35,"column":6},"end":{"line":35,"column":53}},"17":{"start":{"line":35,"column":50},"end":{"line":35,"column":51}},"18":{"start":{"line":37,"column":6},"end":{"line":37,"column":53}},"19":{"start":{"line":37,"column":50},"end":{"line":37,"column":51}},"20":{"start":{"line":39,"column":6},"end":{"line":39,"column":13}},"21":{"start":{"line":44,"column":2},"end":{"line":44,"column":24}},"22":{"start":{"line":47,"column":0},"end":{"line":52,"column":1}}},"fnMap":{"0":{"name":"create","decl":{"start":{"line":8,"column":15},"end":{"line":8,"column":21}},"loc":{"start":{"line":8,"column":55},"end":{"line":19,"column":1}},"line":8},"1":{"name":"(anonymous_1)","decl":{"start":{"line":12,"column":43},"end":{"line":12,"column":44}},"loc":{"start":{"line":12,"column":50},"end":{"line":12,"column":51}},"line":12},"2":{"name":"(anonymous_2)","decl":{"start":{"line":15,"column":43},"end":{"line":15,"column":44}},"loc":{"start":{"line":15,"column":50},"end":{"line":15,"column":51}},"line":15},"3":{"name":"update","decl":{"start":{"line":21,"column":15},"end":{"line":21,"column":21}},"loc":{"start":{"line":21,"column":55},"end":{"line":30,"column":1}},"line":21},"4":{"name":"(anonymous_4)","decl":{"start":{"line":26,"column":43},"end":{"line":26,"column":44}},"loc":{"start":{"line":26,"column":50},"end":{"line":26,"column":51}},"line":26},"5":{"name":"read","decl":{"start":{"line":32,"column":15},"end":{"line":32,"column":19}},"loc":{"start":{"line":32,"column":46},"end":{"line":41,"column":1}},"line":32},"6":{"name":"(anonymous_6)","decl":{"start":{"line":35,"column":43},"end":{"line":35,"column":44}},"loc":{"start":{"line":35,"column":50},"end":{"line":35,"column":51}},"line":35},"7":{"name":"(anonymous_7)","decl":{"start":{"line":37,"column":43},"end":{"line":37,"column":44}},"loc":{"start":{"line":37,"column":50},"end":{"line":37,"column":51}},"line":37},"8":{"name":"hardDelete","decl":{"start":{"line":43,"column":15},"end":{"line":43,"column":25}},"loc":{"start":{"line":43,"column":31},"end":{"line":45,"column":1}},"line":43}},"branchMap":{"0":{"loc":{"start":{"line":9,"column":2},"end":{"line":18,"column":3}},"type":"switch","locations":[{"start":{"line":10,"column":4},"end":{"line":12,"column":53}},{"start":{"line":13,"column":4},"end":{"line":15,"column":53}},{"start":{"line":16,"column":4},"end":{"line":17,"column":13}}],"line":9},"1":{"loc":{"start":{"line":22,"column":2},"end":{"line":29,"column":3}},"type":"switch","locations":[{"start":{"line":23,"column":4},"end":{"line":23,"column":17}},{"start":{"line":24,"column":4},"end":{"line":26,"column":53}},{"start":{"line":27,"column":4},"end":{"line":28,"column":13}}],"line":22},"2":{"loc":{"start":{"line":33,"column":2},"end":{"line":40,"column":3}},"type":"switch","locations":[{"start":{"line":34,"column":4},"end":{"line":35,"column":53}},{"start":{"line":36,"column":4},"end":{"line":37,"column":53}},{"start":{"line":38,"column":4},"end":{"line":39,"column":13}}],"line":33}},"s":{"0":2,"1":2,"2":0,"3":0,"4":0,"5":0,"6":0,"7":0,"8":0,"9":0,"10":0,"11":0,"12":0,"13":0,"14":0,"15":0,"16":0,"17":0,"18":0,"19":0,"20":0,"21":0,"22":2},"f":{"0":0,"1":0,"2":0,"3":0,"4":0,"5":0,"6":0,"7":0,"8":0},"b":{"0":[0,0,0],"1":[0,0,0],"2":[0,0,0]},"_coverageSchema":"1a1c01bbd47fc00a2c39e90264f33305004495a9","hash":"9518224679b02d0c9d63c3324adc4bbe815f57cb"}
}
