TN:
SF:src/config/constants/index.js
FNF:0
FNH:0
DA:1,2
DA:2,2
DA:3,2
LF:3
LH:3
BRF:0
BRH:0
end_of_record
TN:
SF:src/config/constants/move.constants.js
FNF:0
FNH:0
DA:1,2
LF:1
LH:1
BRF:0
BRH:0
end_of_record
TN:
SF:src/config/constants/redis.constants.js
FNF:0
FNH:0
DA:1,2
LF:1
LH:1
BRF:0
BRH:0
end_of_record
TN:
SF:src/config/constants/response.constants.js
FNF:0
FNH:0
DA:1,2
LF:1
LH:1
BRF:0
BRH:0
end_of_record
TN:
SF:src/controllers/game.controller.js
FN:17,(anonymous_0)
FN:39,(anonymous_1)
FN:52,(anonymous_2)
FN:67,newDeck
FN:80,shuffleCards
FN:84,(anonymous_5)
FN:93,dealCards
FN:113,(anonymous_7)
FN:139,checkForRackOh
FN:157,isRackOh
FNF:10
FNH:6
FNDA:0,(anonymous_0)
FNDA:0,(anonymous_1)
FNDA:0,(anonymous_2)
FNDA:11,newDeck
FNDA:9,shuffleCards
FNDA:1796,(anonymous_5)
FNDA:2,dealCards
FNDA:0,(anonymous_7)
FNDA:2,checkForRackOh
FNDA:3,isRackOh
DA:6,2
DA:17,2
DA:19,0
DA:20,0
DA:21,0
DA:25,0
DA:26,0
DA:27,0
DA:39,2
DA:40,0
DA:41,0
DA:42,0
DA:44,0
DA:52,2
DA:53,0
DA:54,0
DA:55,0
DA:57,0
DA:68,11
DA:69,11
DA:70,660
DA:72,11
DA:81,9
DA:82,1
DA:84,1796
DA:94,2
DA:95,0
DA:96,0
DA:99,2
DA:100,1
DA:103,1
DA:104,1
DA:107,0
DA:113,0
DA:114,0
DA:115,0
DA:116,0
DA:123,0
DA:124,0
DA:126,0
DA:127,0
DA:128,0
DA:130,0
DA:140,2
DA:141,1
DA:144,1
DA:145,1
DA:146,1
DA:148,0
DA:158,3
DA:159,3
DA:160,27
DA:161,27
DA:162,27
DA:163,9
DA:166,3
DA:170,2
LF:57
LH:29
BRDA:17,0,0,0
BRDA:20,1,0,0
BRDA:20,1,1,0
BRDA:20,2,0,0
BRDA:20,2,1,0
BRDA:41,3,0,0
BRDA:41,3,1,0
BRDA:54,4,0,0
BRDA:54,4,1,0
BRDA:80,5,0,0
BRDA:81,6,0,1
BRDA:81,6,1,8
BRDA:93,7,0,0
BRDA:93,8,0,0
BRDA:94,9,0,0
BRDA:94,9,1,2
BRDA:99,10,0,1
BRDA:99,10,1,1
BRDA:103,11,0,1
BRDA:103,11,1,0
BRDA:139,12,0,0
BRDA:139,13,0,0
BRDA:140,14,0,1
BRDA:140,14,1,1
BRDA:145,15,0,1
BRDA:145,15,1,0
BRDA:157,16,0,0
BRDA:162,17,0,9
BRDA:162,17,1,18
BRF:29
BRH:11
end_of_record
TN:
SF:src/controllers/index.js
FNF:0
FNH:0
DA:1,1
DA:2,1
LF:2
LH:2
BRF:0
BRH:0
end_of_record
TN:
SF:src/controllers/move.controller.js
FN:19,showPlayerHand
FN:41,showDiscardPile
FN:58,updateSwappedCards
FN:76,(anonymous_3)
FN:102,reshuffleDiscardPile
FN:132,selectCardFromMainDeck
FN:154,selectCardFromPlayerHand
FN:182,(anonymous_7)
FN:194,selectCardFromDiscardPile
FNF:9
FNH:0
FNDA:0,showPlayerHand
FNDA:0,showDiscardPile
FNDA:0,updateSwappedCards
FNDA:0,(anonymous_3)
FNDA:0,reshuffleDiscardPile
FNDA:0,selectCardFromMainDeck
FNDA:0,selectCardFromPlayerHand
FNDA:0,(anonymous_7)
FNDA:0,selectCardFromDiscardPile
DA:3,1
DA:7,1
DA:20,0
DA:21,0
DA:22,0
DA:25,0
DA:26,0
DA:28,0
DA:30,0
DA:42,0
DA:43,0
DA:44,0
DA:47,0
DA:59,0
DA:60,0
DA:61,0
DA:65,0
DA:74,0
DA:75,0
DA:76,0
DA:77,0
DA:80,0
DA:83,0
DA:84,0
DA:87,0
DA:88,0
DA:89,0
DA:92,0
DA:104,0
DA:105,0
DA:106,0
DA:109,0
DA:110,0
DA:114,0
DA:115,0
DA:118,0
DA:119,0
DA:122,0
DA:123,0
DA:134,0
DA:135,0
DA:136,0
DA:139,0
DA:140,0
DA:143,0
DA:144,0
DA:145,0
DA:155,0
DA:156,0
DA:157,0
DA:160,0
DA:161,0
DA:164,0
DA:168,0
DA:171,0
DA:172,0
DA:175,0
DA:176,0
DA:178,0
DA:179,0
DA:182,0
DA:183,0
DA:186,0
DA:196,0
DA:197,0
DA:198,0
DA:201,0
DA:202,0
DA:205,0
DA:206,0
DA:207,0
DA:210,1
LF:72
LH:3
BRDA:19,0,0,0
BRDA:21,1,0,0
BRDA:21,1,1,0
BRDA:25,2,0,0
BRDA:25,2,1,0
BRDA:43,3,0,0
BRDA:43,3,1,0
BRDA:58,4,0,0
BRDA:58,5,0,0
BRDA:58,6,0,0
BRDA:60,7,0,0
BRDA:60,7,1,0
BRDA:65,8,0,0
BRDA:65,8,1,0
BRDA:65,8,2,0
BRDA:83,9,0,0
BRDA:83,9,1,0
BRDA:88,10,0,0
BRDA:88,10,1,0
BRDA:105,11,0,0
BRDA:105,11,1,0
BRDA:109,12,0,0
BRDA:109,12,1,0
BRDA:135,13,0,0
BRDA:135,13,1,0
BRDA:139,14,0,0
BRDA:139,14,1,0
BRDA:154,15,0,0
BRDA:154,16,0,0
BRDA:156,17,0,0
BRDA:156,17,1,0
BRDA:160,18,0,0
BRDA:160,18,1,0
BRDA:164,19,0,0
BRDA:164,19,1,0
BRDA:165,20,0,0
BRDA:165,20,1,0
BRDA:171,21,0,0
BRDA:171,21,1,0
BRDA:178,22,0,0
BRDA:178,22,1,0
BRDA:182,23,0,0
BRDA:182,23,1,0
BRDA:197,24,0,0
BRDA:197,24,1,0
BRDA:201,25,0,0
BRDA:201,25,1,0
BRF:47
BRH:0
end_of_record
TN:
SF:src/services/game.service.js
FN:13,(anonymous_0)
FN:19,(anonymous_1)
FNF:2
FNH:0
FNDA:0,(anonymous_0)
FNDA:0,(anonymous_1)
DA:3,2
DA:13,2
DA:19,2
DA:21,2
LF:4
LH:4
BRF:0
BRH:0
end_of_record
TN:
SF:src/services/index.js
FNF:0
FNH:0
DA:1,2
DA:2,2
DA:3,2
LF:3
LH:3
BRF:0
BRH:0
end_of_record
TN:
SF:src/services/move.service.js
FN:19,(anonymous_0)
FN:29,(anonymous_1)
FN:38,(anonymous_2)
FN:49,(anonymous_3)
FN:59,(anonymous_4)
FN:69,(anonymous_5)
FN:80,(anonymous_6)
FN:89,(anonymous_7)
FNF:8
FNH:0
FNDA:0,(anonymous_0)
FNDA:0,(anonymous_1)
FNDA:0,(anonymous_2)
FNDA:0,(anonymous_3)
FNDA:0,(anonymous_4)
FNDA:0,(anonymous_5)
FNDA:0,(anonymous_6)
FNDA:0,(anonymous_7)
DA:3,2
DA:4,2
DA:8,2
DA:9,2
DA:10,2
DA:19,2
DA:20,0
DA:21,0
DA:29,2
DA:30,0
DA:31,0
DA:38,2
DA:39,0
DA:40,0
DA:41,0
DA:49,2
DA:50,0
DA:51,0
DA:59,2
DA:60,0
DA:61,0
DA:69,2
DA:70,0
DA:71,0
DA:72,0
DA:80,2
DA:81,0
DA:82,0
DA:89,2
DA:90,0
DA:91,0
DA:103,2
LF:32
LH:14
BRF:0
BRH:0
end_of_record
TN:
SF:src/services/redis.service.js
FN:8,create
FN:12,(anonymous_1)
FN:15,(anonymous_2)
FN:21,update
FN:26,(anonymous_4)
FN:32,read
FN:35,(anonymous_6)
FN:37,(anonymous_7)
FN:43,hardDelete
FNF:9
FNH:0
FNDA:0,create
FNDA:0,(anonymous_1)
FNDA:0,(anonymous_2)
FNDA:0,update
FNDA:0,(anonymous_4)
FNDA:0,read
FNDA:0,(anonymous_6)
FNDA:0,(anonymous_7)
FNDA:0,hardDelete
DA:3,2
DA:4,2
DA:9,0
DA:11,0
DA:12,0
DA:14,0
DA:15,0
DA:17,0
DA:22,0
DA:25,0
DA:26,0
DA:28,0
DA:33,0
DA:35,0
DA:37,0
DA:39,0
DA:44,0
DA:47,2
LF:18
LH:3
BRDA:9,0,0,0
BRDA:9,0,1,0
BRDA:9,0,2,0
BRDA:22,1,0,0
BRDA:22,1,1,0
BRDA:22,1,2,0
BRDA:33,2,0,0
BRDA:33,2,1,0
BRDA:33,2,2,0
BRF:9
BRH:0
end_of_record
